<?xml version="1.0" encoding="UTF-8"?>
<!-- Generated by org.testng.reporters.JUnitXMLReporter -->
<testsuite ignored="2" hostname="LAPTOP-S0IS0QVR" failures="0" tests="3" name="TestExecution" time="64.609" errors="0" timestamp="2022-07-21T09:07:53 IST">
  <testcase classname="AQAclass.A4_Information_Commands" name="searchbutton" time="0.057"/>
  <testcase classname="BHighlevelBases.B13_Assert_Verify2" name="fun" time="0.773"/>
  <testcase classname="BHighlevelBases.B19_TestXLSX" name="XLSX" time="17.605"/>
  <testcase classname="AQAclass.A4_Information_Commands" name="gmail" time="0.0">
    <ignored/>
  </testcase> <!-- gmail -->
  <testcase classname="AQAclass.A4_Information_Commands" name="google_image" time="0.0">
    <ignored/>
  </testcase> <!-- google_image -->
</testsuite> <!-- TestExecution -->
