<?xml version="1.0" encoding="UTF-8"?>
<testng-results ignored="0" total="1" passed="1" failed="0" skipped="0">
  <reporter-output>
  </reporter-output>
  <suite started-at="2022-10-13T15:29:54 IST" name="Default suite" finished-at="2022-10-13T15:30:09 IST" duration-ms="15279">
    <groups>
    </groups>
    <test started-at="2022-10-13T15:29:54 IST" name="Default test" finished-at="2022-10-13T15:30:09 IST" duration-ms="15279">
      <class name="AQAclass.A1_Alerts">
        <test-method is-config="true" signature="openurl()[pri:0, instance:AQAclass.A1_Alerts@4c1909a3]" started-at="2022-10-13T15:29:54 IST" name="openurl" finished-at="2022-10-13T15:30:05 IST" duration-ms="11571" status="PASS">
          <reporter-output>
          </reporter-output>
        </test-method> <!-- openurl -->
        <test-method signature="handlingalerts()[pri:0, instance:AQAclass.A1_Alerts@4c1909a3]" started-at="2022-10-13T15:30:05 IST" name="handlingalerts" finished-at="2022-10-13T15:30:09 IST" duration-ms="3632" status="PASS">
          <reporter-output>
          </reporter-output>
        </test-method> <!-- handlingalerts -->
        <test-method is-config="true" signature="afterTest()[pri:0, instance:AQAclass.A1_Alerts@4c1909a3]" started-at="2022-10-13T15:30:09 IST" name="afterTest" finished-at="2022-10-13T15:30:09 IST" duration-ms="0" status="PASS">
          <reporter-output>
          </reporter-output>
        </test-method> <!-- afterTest -->
      </class> <!-- AQAclass.A1_Alerts -->
    </test> <!-- Default test -->
  </suite> <!-- Default suite -->
</testng-results>
