<?xml version="1.0" encoding="UTF-8"?>
<!-- Generated by org.testng.reporters.JUnitXMLReporter -->
<testsuite ignored="0" hostname="LAPTOP-S0IS0QVR" failures="1" tests="3" name="xmlexecution" time="31.06" errors="0" timestamp="2022-10-03T08:23:28 IST">
  <testcase classname="AQAclass.A1_Alerts" name="handlingalerts" time="4.337"/>
  <testcase classname="AQAclass.B10_Autoit" name="fun" time="4.077"/>
  <testcase classname="BHighlevelBases.B12_Assert1" name="fun" time="0.058">
    <failure type="java.lang.AssertionError" message="expected [Welcome: Mercury Tours] but found [Mercury Tours]">
      <![CDATA[java.lang.AssertionError: expected [Welcome: Mercury Tours] but found [Mercury Tours]
at BHighlevelBases.B12_Assert1.fun(B12_Assert1.java:45)
at java.base/java.util.ArrayList.forEach(ArrayList.java:1511)
... Removed 30 stack frames]]>
    </failure>
  </testcase> <!-- fun -->
</testsuite> <!-- xmlexecution -->
