<?xml version="1.0" encoding="UTF-8"?>
<!-- Generated by org.testng.reporters.JUnitXMLReporter -->
<testsuite ignored="0" hostname="LAPTOP-S0IS0QVR" failures="0" tests="4" name="Test2" time="18.829" errors="0" timestamp="2022-05-06T10:31:51 IST">
  <testcase classname="AQAclass.A1_Alerts" name="handlingalerts" time="3.406"/>
  <testcase classname="AQAclass.A4_Information_Commands" name="gmail" time="0.078"/>
  <testcase classname="AQAclass.A4_Information_Commands" name="google_image" time="0.057"/>
  <testcase classname="AQAclass.A4_Information_Commands" name="searchbutton" time="0.048"/>
</testsuite> <!-- Test2 -->
